2018-01-29 07:07:42 +0000  Initial pipeline context: <IDEDistributionProcessingPipelineContext: 0x7ff21d0bf3e0; archive(resolved)='<IDEArchive: 0x7ff26f970cb0>', distributionTask(resolved)='2', distributionMethod(resolved)='<IDEDistributionMethodiOSAppStoreExport: 0x7ff284225ad0>', team(resolved)='<IDEProvisioningBasicTeam 0x7ff21bd315e0: teamID: 6DPHN5WMG6, teamName: SHWETECH MYANMAR>'>
	Chain (11, self inclusive):
	<IDEDistributionProcessingPipelineContext: 0x7ff21d0bf3e0; archive = '<IDEArchive: 0x7ff26f970cb0>', distributionMethod='<IDEDistributionMethodiOSAppStoreExport: 0x7ff284225ad0>', team='<IDEProvisioningBasicTeam 0x7ff21bd315e0: teamID: 6DPHN5WMG6, teamName: SHWETECH MYANMAR>'>
	<IDEDistributionProcessingPipelineContext: 0x7ff21d13bfd0; archive = '<IDEArchive: 0x7ff26f970cb0>', distributionMethod='<IDEDistributionMethodiOSAppStoreExport: 0x7ff284225ad0>', team='<IDEProvisioningBasicTeam 0x7ff21bd315e0: teamID: 6DPHN5WMG6, teamName: SHWETECH MYANMAR>'>
	<IDEDistributionContext: 0x7ff1f01ce290; archive = '<IDEArchive: 0x7ff26f970cb0>', distributionMethod='<IDEDistributionMethodiOSAppStoreExport: 0x7ff284225ad0>', team='<IDEProvisioningBasicTeam 0x7ff21bd315e0: teamID: 6DPHN5WMG6, teamName: SHWETECH MYANMAR>'>
	<IDEDistributionContext: 0x7ff21bcf3370; archive = '<IDEArchive: 0x7ff26f970cb0>', distributionMethod='<IDEDistributionMethodiOSAppStoreExport: 0x7ff284225ad0>', team='<IDEProvisioningBasicTeam 0x7ff21bd315e0: teamID: 6DPHN5WMG6, teamName: SHWETECH MYANMAR>'>
	<IDEDistributionContext: 0x7ff1b88207e0; archive = '<IDEArchive: 0x7ff26f970cb0>', distributionMethod='<IDEDistributionMethodiOSAppStoreExport: 0x7ff284225ad0>', team='<IDEProvisioningBasicTeam 0x7ff21bd315e0: teamID: 6DPHN5WMG6, teamName: SHWETECH MYANMAR>'>
	<IDEDistributionContext: 0x7ff2831a9ec0; archive = '<IDEArchive: 0x7ff26f970cb0>', distributionMethod='<IDEDistributionMethodiOSAppStoreExport: 0x7ff284225ad0>', team='<IDEProvisioningBasicTeam 0x7ff21bd315e0: teamID: 6DPHN5WMG6, teamName: SHWETECH MYANMAR>'>
	<IDEDistributionContext: 0x7ff1f01cd0b0; archive = '<IDEArchive: 0x7ff26f970cb0>', distributionMethod='<IDEDistributionMethodiOSAppStoreExport: 0x7ff284225ad0>', team='<IDEProvisioningBasicTeam 0x7ff21bd315e0: teamID: 6DPHN5WMG6, teamName: SHWETECH MYANMAR>'>
	<IDEDistributionContext: 0x7ff23b03e7b0; archive = '<IDEArchive: 0x7ff26f970cb0>', distributionMethod='<IDEDistributionMethodiOSAppStoreExport: 0x7ff284225ad0>', team='<IDEProvisioningBasicTeam 0x7ff21bd315e0: teamID: 6DPHN5WMG6, teamName: SHWETECH MYANMAR>'>
	<IDEDistributionContext: 0x7ff26fbaaf10; archive = '<IDEArchive: 0x7ff26f970cb0>', distributionMethod='<IDEDistributionMethodiOSAppStoreExport: 0x7ff284225ad0>', team='<IDEProvisioningBasicTeam 0x7ff21bd315e0: teamID: 6DPHN5WMG6, teamName: SHWETECH MYANMAR>'>
	<IDEDistributionContext: 0x7ff2382964a0; archive = '<IDEArchive: 0x7ff26f970cb0>', distributionMethod='<IDEDistributionMethodiOSAppStoreExport: 0x7ff284225ad0>', team='(null)'>
	<IDEDistributionContext: 0x7ff236d24b50; archive = '<IDEArchive: 0x7ff26f970cb0>', distributionMethod='(null)', team='(null)'>
</IDEDistributionProcessingPipelineContext: 0x7ff21d0bf3e0>
2018-01-29 07:07:42 +0000  Processing step: IDEDistributionCreateDestRootStep
2018-01-29 07:07:42 +0000  Processing step: IDEDistributionCopyItemStep
2018-01-29 07:07:42 +0000  Running /usr/bin/ditto '-V' '/Users/shwetech/Library/Developer/Xcode/Archives/2018-01-29/mlive 29-01-18 00.55.xcarchive/Products/Applications/mlive.app' '/var/folders/c1/32v89b3d2gb2fxd8m9q2b8680000gn/T/XcodeDistPipeline.LSp/Root/Payload/mlive.app'
2018-01-29 07:07:42 +0000  >>> Copying /Users/shwetech/Library/Developer/Xcode/Archives/2018-01-29/mlive 29-01-18 00.55.xcarchive/Products/Applications/mlive.app 
2018-01-29 07:07:42 +0000  copying file ./_CodeSignature/CodeResources ... 
2018-01-29 07:07:42 +0000  29259 bytes for ./_CodeSignature/CodeResources
2018-01-29 07:07:42 +0000  copying file ./gift_sound.wav ... 
2018-01-29 07:07:42 +0000  673652 bytes for ./gift_sound.wav
2018-01-29 07:07:42 +0000  copying file ./LaunchImage-1100-Portrait-2436h@3x.png ... 
2018-01-29 07:07:42 +0000  143099 bytes for ./LaunchImage-1100-Portrait-2436h@3x.png
2018-01-29 07:07:42 +0000  copying file ./AppIcon20x20@2x.png ... 
2018-01-29 07:07:42 +0000  3406 bytes for ./AppIcon20x20@2x.png
copying file ./Zawgyi-One.ttf ... 
2018-01-29 07:07:42 +0000  66256 bytes for ./Zawgyi-One.ttf
2018-01-29 07:07:42 +0000  copying file ./AppIcon57x57.png ... 
2018-01-29 07:07:42 +0000  5589 bytes for ./AppIcon57x57.png
copying file ./AppIcon20x20@3x.png ... 
2018-01-29 07:07:42 +0000  6061 bytes for ./AppIcon20x20@3x.png
2018-01-29 07:07:42 +0000  copying file ./AppIcon29x29.png ... 
2018-01-29 07:07:42 +0000  2234 bytes for ./AppIcon29x29.png
2018-01-29 07:07:42 +0000  copying file ./AppIcon60x60@2x.png ... 
2018-01-29 07:07:42 +0000  18017 bytes for ./AppIcon60x60@2x.png
2018-01-29 07:07:42 +0000  copying file ./AppIcon29x29@2x.png ... 
2018-01-29 07:07:42 +0000  5754 bytes for ./AppIcon29x29@2x.png
2018-01-29 07:07:42 +0000  copying file ./LaunchImage-1100-Landscape-2436h@3x.png ... 
2018-01-29 07:07:42 +0000  147787 bytes for ./LaunchImage-1100-Landscape-2436h@3x.png
2018-01-29 07:07:42 +0000  copying file ./LaunchImage-800-667h@2x.png ... 
2018-01-29 07:07:42 +0000  60376 bytes for ./LaunchImage-800-667h@2x.png
copying file ./AppIcon40x40@3x.png ... 
2018-01-29 07:07:42 +0000  18017 bytes for ./AppIcon40x40@3x.png
2018-01-29 07:07:42 +0000  copying file ./AppIcon57x57@2x.png ... 
2018-01-29 07:07:42 +0000  16417 bytes for ./AppIcon57x57@2x.png
2018-01-29 07:07:42 +0000  copying file ./AppIcon40x40@2x.png ... 
2018-01-29 07:07:42 +0000  9385 bytes for ./AppIcon40x40@2x.png
copying file ./AppIcon29x29@3x.png ... 
2018-01-29 07:07:42 +0000  10860 bytes for ./AppIcon29x29@3x.png
2018-01-29 07:07:42 +0000  copying file ./AppIcon60x60@3x.png ... 
2018-01-29 07:07:42 +0000  36654 bytes for ./AppIcon60x60@3x.png
2018-01-29 07:07:42 +0000  copying file ./Base.lproj/LaunchScreen.nib ... 
2018-01-29 07:07:42 +0000  3291 bytes for ./Base.lproj/LaunchScreen.nib
2018-01-29 07:07:42 +0000  copying file ./archived-expanded-entitlements.xcent ... 
2018-01-29 07:07:42 +0000  374 bytes for ./archived-expanded-entitlements.xcent
2018-01-29 07:07:42 +0000  copying file ./Splash.png ... 
2018-01-29 07:07:42 +0000  131318 bytes for ./Splash.png
copying file ./Assets.car ... 
2018-01-29 07:07:42 +0000  1011560 bytes for ./Assets.car
copying file ./main.jsbundle.meta ... 
2018-01-29 07:07:42 +0000  21 bytes for ./main.jsbundle.meta
2018-01-29 07:07:42 +0000  copying file ./LaunchImage-800-Portrait-736h@3x.png ... 
2018-01-29 07:07:42 +0000  99820 bytes for ./LaunchImage-800-Portrait-736h@3x.png
2018-01-29 07:07:42 +0000  copying file ./main.jsbundle ... 
2018-01-29 07:07:42 +0000  1123046 bytes for ./main.jsbundle
copying file ./LaunchImage-700@2x.png ... 
2018-01-29 07:07:42 +0000  41136 bytes for ./LaunchImage-700@2x.png
copying file ./LaunchImage-700-568h@2x.png ... 
2018-01-29 07:07:42 +0000  49640 bytes for ./LaunchImage-700-568h@2x.png
2018-01-29 07:07:42 +0000  copying file ./mlive ... 
2018-01-29 07:07:42 +0000  37749488 bytes for ./mlive
2018-01-29 07:07:42 +0000  copying file ./Frameworks/WowzaGoCoderSDK.framework/_CodeSignature/CodeResources ... 
2018-01-29 07:07:42 +0000  2506 bytes for ./Frameworks/WowzaGoCoderSDK.framework/_CodeSignature/CodeResources
2018-01-29 07:07:42 +0000  copying file ./Frameworks/WowzaGoCoderSDK.framework/WowzaGoCoderSDK ... 
2018-01-29 07:07:42 +0000  7059984 bytes for ./Frameworks/WowzaGoCoderSDK.framework/WowzaGoCoderSDK
copying file ./Frameworks/WowzaGoCoderSDK.framework/strip-frameworks.sh ... 
2018-01-29 07:07:42 +0000  2203 bytes for ./Frameworks/WowzaGoCoderSDK.framework/strip-frameworks.sh
copying file ./Frameworks/WowzaGoCoderSDK.framework/Info.plist ... 
2018-01-29 07:07:42 +0000  774 bytes for ./Frameworks/WowzaGoCoderSDK.framework/Info.plist
2018-01-29 07:07:42 +0000  copying file ./embedded.mobileprovision ... 
2018-01-29 07:07:42 +0000  9411 bytes for ./embedded.mobileprovision
2018-01-29 07:07:42 +0000  copying file ./assets/node_modules/react-navigation/src/views/assets/back-icon@3x.png ... 
2018-01-29 07:07:42 +0000  732 bytes for ./assets/node_modules/react-navigation/src/views/assets/back-icon@3x.png
copying file ./assets/node_modules/react-navigation/src/views/assets/back-icon@2x.png ... 
2018-01-29 07:07:42 +0000  534 bytes for ./assets/node_modules/react-navigation/src/views/assets/back-icon@2x.png
2018-01-29 07:07:42 +0000  copying file ./assets/node_modules/react-navigation/src/views/assets/back-icon.png ... 
2018-01-29 07:07:42 +0000  379 bytes for ./assets/node_modules/react-navigation/src/views/assets/back-icon.png
2018-01-29 07:07:42 +0000  copying file ./assets/src/assets/world.png ... 
2018-01-29 07:07:42 +0000  10922 bytes for ./assets/src/assets/world.png
copying file ./assets/src/assets/x2.png ... 
2018-01-29 07:07:42 +0000  3974 bytes for ./assets/src/assets/x2.png
2018-01-29 07:07:42 +0000  copying file ./assets/src/assets/heart_5.png ... 
2018-01-29 07:07:42 +0000  1149 bytes for ./assets/src/assets/heart_5.png
2018-01-29 07:07:42 +0000  copying file ./assets/src/assets/nut.png ... 
2018-01-29 07:07:42 +0000  16597 bytes for ./assets/src/assets/nut.png
copying file ./assets/src/assets/heart_4.png ... 
2018-01-29 07:07:42 +0000  1220 bytes for ./assets/src/assets/heart_4.png
copying file ./assets/src/assets/x3.png ... 
2018-01-29 07:07:42 +0000  4270 bytes for ./assets/src/assets/x3.png
copying file ./assets/src/assets/beauty.png ... 
2018-01-29 07:07:42 +0000  388447 bytes for ./assets/src/assets/beauty.png
2018-01-29 07:07:42 +0000  copying file ./assets/src/assets/x1.png ... 
2018-01-29 07:07:42 +0000  3103 bytes for ./assets/src/assets/x1.png
copying file ./assets/src/assets/t1_slide.png ... 
2018-01-29 07:07:42 +0000  78715 bytes for ./assets/src/assets/t1_slide.png
copying file ./assets/src/assets/heart_6.png ... 
2018-01-29 07:07:42 +0000  1145 bytes for ./assets/src/assets/heart_6.png
copying file ./assets/src/assets/heart_7.png ... 
2018-01-29 07:07:42 +0000  1164 bytes for ./assets/src/assets/heart_7.png
2018-01-29 07:07:42 +0000  copying file ./assets/src/assets/x4.png ... 
2018-01-29 07:07:42 +0000  3616 bytes for ./assets/src/assets/x4.png
copying file ./assets/src/assets/heart_3.png ... 
2018-01-29 07:07:42 +0000  1267 bytes for ./assets/src/assets/heart_3.png
copying file ./assets/src/assets/heart_2.png ... 
2018-01-29 07:07:42 +0000  1232 bytes for ./assets/src/assets/heart_2.png
2018-01-29 07:07:42 +0000  copying file ./assets/src/assets/gift_user_bar.png ... 
2018-01-29 07:07:42 +0000  5716 bytes for ./assets/src/assets/gift_user_bar.png
copying file ./assets/src/assets/x5.png ... 
2018-01-29 07:07:42 +0000  4105 bytes for ./assets/src/assets/x5.png
2018-01-29 07:07:42 +0000  copying file ./assets/src/assets/gift_image_sprinkler.png ... 
2018-01-29 07:07:42 +0000  55718 bytes for ./assets/src/assets/gift_image_sprinkler.png
copying file ./assets/src/assets/x7.png ... 
2018-01-29 07:07:42 +0000  3454 bytes for ./assets/src/assets/x7.png
copying file ./assets/src/assets/heart_1.png ... 
2018-01-29 07:07:42 +0000  1265 bytes for ./assets/src/assets/heart_1.png
copying file ./assets/src/assets/t1_text.png ... 
2018-01-29 07:07:42 +0000  13414 bytes for ./assets/src/assets/t1_text.png
2018-01-29 07:07:42 +0000  copying file ./assets/src/assets/x6.png ... 
2018-01-29 07:07:42 +0000  4447 bytes for ./assets/src/assets/x6.png
2018-01-29 07:07:42 +0000  copying file ./assets/src/assets/facebook_login.png ... 
2018-01-29 07:07:42 +0000  3410 bytes for ./assets/src/assets/facebook_login.png
copying file ./assets/src/assets/share_icon.png ... 
2018-01-29 07:07:42 +0000  1049 bytes for ./assets/src/assets/share_icon.png
copying file ./assets/src/assets/cancel.png ... 
2018-01-29 07:07:42 +0000  611 bytes for ./assets/src/assets/cancel.png
copying file ./assets/src/assets/home.png ... 
2018-01-29 07:07:42 +0000  3188 bytes for ./assets/src/assets/home.png
copying file ./assets/src/assets/broadcast_button.png ... 
2018-01-29 07:07:42 +0000  2773 bytes for ./assets/src/assets/broadcast_button.png
2018-01-29 07:07:42 +0000  copying file ./assets/src/assets/send_icon.png ... 
2018-01-29 07:07:42 +0000  1002 bytes for ./assets/src/assets/send_icon.png
copying file ./assets/src/assets/refresh_jump_white.gif ... 
2018-01-29 07:07:42 +0000  39583 bytes for ./assets/src/assets/refresh_jump_white.gif
copying file ./assets/src/assets/camera_flip.png ... 
2018-01-29 07:07:42 +0000  2473 bytes for ./assets/src/assets/camera_flip.png
2018-01-29 07:07:42 +0000  copying file ./assets/src/assets/send_gift_icon.gif ... 
2018-01-29 07:07:42 +0000  32959 bytes for ./assets/src/assets/send_gift_icon.gif
copying file ./assets/src/assets/t3_image.png ... 
2018-01-29 07:07:42 +0000  69757 bytes for ./assets/src/assets/t3_image.png
2018-01-29 07:07:42 +0000  copying file ./assets/src/assets/t2_text.png ... 
2018-01-29 07:07:42 +0000  20082 bytes for ./assets/src/assets/t2_text.png
copying file ./assets/src/assets/t3_text.png ... 
2018-01-29 07:07:42 +0000  16929 bytes for ./assets/src/assets/t3_text.png
copying file ./assets/src/assets/menu.png ... 
2018-01-29 07:07:42 +0000  184 bytes for ./assets/src/assets/menu.png
2018-01-29 07:07:42 +0000  copying file ./assets/src/assets/view_count_holder.png ... 
2018-01-29 07:07:42 +0000  6553 bytes for ./assets/src/assets/view_count_holder.png
copying file ./assets/src/assets/home_bg.png ... 
2018-01-29 07:07:42 +0000  293873 bytes for ./assets/src/assets/home_bg.png
2018-01-29 07:07:42 +0000  copying file ./assets/src/assets/hlwint_logo_white.png ... 
2018-01-29 07:07:42 +0000  12491 bytes for ./assets/src/assets/hlwint_logo_white.png
copying file ./assets/src/assets/nut_plain.png ... 
2018-01-29 07:07:42 +0000  4195 bytes for ./assets/src/assets/nut_plain.png
copying file ./assets/src/assets/location_icon.png ... 
2018-01-29 07:07:42 +0000  9247 bytes for ./assets/src/assets/location_icon.png
copying file ./assets/src/assets/eye.png ... 
2018-01-29 07:07:42 +0000  1417 bytes for ./assets/src/assets/eye.png
2018-01-29 07:07:42 +0000  copying file ./assets/src/assets/refresh_jump.gif ... 
2018-01-29 07:07:42 +0000  29555 bytes for ./assets/src/assets/refresh_jump.gif
2018-01-29 07:07:42 +0000  copying file ./assets/src/assets/t2_image.png ... 
2018-01-29 07:07:42 +0000  79787 bytes for ./assets/src/assets/t2_image.png
copying file ./assets/src/assets/gift_image_glitter.png ... 
2018-01-29 07:07:42 +0000  5528 bytes for ./assets/src/assets/gift_image_glitter.png
copying file ./assets/src/assets/x8.png ... 
2018-01-29 07:07:42 +0000  4442 bytes for ./assets/src/assets/x8.png
copying file ./assets/src/assets/hwlint_logo.png ... 
2018-01-29 07:07:42 +0000  9637 bytes for ./assets/src/assets/hwlint_logo.png
copying file ./assets/src/assets/x9.png ... 
2018-01-29 07:07:42 +0000  4447 bytes for ./assets/src/assets/x9.png
2018-01-29 07:07:42 +0000  copying file ./assets/src/assets/t4_image.png ... 
2018-01-29 07:07:42 +0000  73475 bytes for ./assets/src/assets/t4_image.png
copying file ./assets/src/assets/back.png ... 
2018-01-29 07:07:42 +0000  412 bytes for ./assets/src/assets/back.png
copying file ./assets/src/assets/t4_text.png ... 
2018-01-29 07:07:42 +0000  17337 bytes for ./assets/src/assets/t4_text.png
2018-01-29 07:07:42 +0000  copying file ./assets/src/assets/live.png ... 
2018-01-29 07:07:42 +0000  788 bytes for ./assets/src/assets/live.png
2018-01-29 07:07:42 +0000  copying file ./LaunchImage-800-Landscape-736h@3x.png ... 
2018-01-29 07:07:42 +0000  102746 bytes for ./LaunchImage-800-Landscape-736h@3x.png
2018-01-29 07:07:42 +0000  copying file ./pop.wav ... 
2018-01-29 07:07:42 +0000  30924 bytes for ./pop.wav
copying file ./Info.plist ... 
2018-01-29 07:07:42 +0000  2358 bytes for ./Info.plist
copying file ./PkgInfo ... 
2018-01-29 07:07:42 +0000  8 bytes for ./PkgInfo
2018-01-29 07:07:42 +0000  2018-01-29 07:07:42 +0000  /usr/bin/ditto exited with 0

2018-01-29 07:07:42 +0000  
2018-01-29 07:07:42 +0000  Processing step: IDEDistributionEmbedProfileStep
2018-01-29 07:07:42 +0000  Skipping profile for item: <IDEDistributionItem: 0x7ff21a9dbf70 'com.wowza.gocoder.sdk' '<DVTFilePath:0x7ff238567820:'/Users/shwetech/Library/Developer/Xcode/Archives/2018-01-29/mlive 29-01-18 00.55.xcarchive/Products/Applications/mlive.app/Frameworks/WowzaGoCoderSDK.framework'>'>
2018-01-29 07:07:42 +0000  Processing step: IDEDistributionItemRemovalStep
2018-01-29 07:07:42 +0000  Processing step: IDEDistributionAppThinningPlistStep
2018-01-29 07:07:42 +0000  Skipping step: IDEDistributionAppThinningPlistStep because it said so
2018-01-29 07:07:42 +0000  Processing step: IDEDistributionCompileBitcodeStep
2018-01-29 07:07:42 +0000  Skipping step: IDEDistributionCompileBitcodeStep because it said so
2018-01-29 07:07:42 +0000  Processing step: IDEDistributionCodeSlimmingStep
2018-01-29 07:07:42 +0000  Processing step: IDEDistributionCopyBCSymbolMapsStep
2018-01-29 07:07:42 +0000  The archive did not contain /Users/shwetech/Library/Developer/Xcode/Archives/2018-01-29/mlive 29-01-18 00.55.xcarchive/BCSymbolMaps/7A6913B1-4C43-39E7-B2BE-235A1F6DE919.bcsymbolmap as expected.
2018-01-29 07:07:43 +0000  Running /usr/bin/ditto '-V' '/Users/shwetech/Library/Developer/Xcode/Archives/2018-01-29/mlive 29-01-18 00.55.xcarchive/BCSymbolMaps/54F88735-3A7D-32EC-825E-E722ED86FBA9.bcsymbolmap' '/var/folders/c1/32v89b3d2gb2fxd8m9q2b8680000gn/T/XcodeDistPipeline.LSp/Root/BCSymbolMaps/54F88735-3A7D-32EC-825E-E722ED86FBA9.bcsymbolmap'
2018-01-29 07:07:43 +0000  >>> Copying /Users/shwetech/Library/Developer/Xcode/Archives/2018-01-29/mlive 29-01-18 00.55.xcarchive/BCSymbolMaps/54F88735-3A7D-32EC-825E-E722ED86FBA9.bcsymbolmap 
2018-01-29 07:07:43 +0000  copying file ./54F88735-3A7D-32EC-825E-E722ED86FBA9.bcsymbolmap ... 
2018-01-29 07:07:43 +0000  1087030 bytes for ./54F88735-3A7D-32EC-825E-E722ED86FBA9.bcsymbolmap
2018-01-29 07:07:43 +0000  2018-01-29 07:07:43 +0000  /usr/bin/ditto exited with 0

2018-01-29 07:07:43 +0000  
2018-01-29 07:07:43 +0000  Running /usr/bin/ditto '-V' '/Users/shwetech/Library/Developer/Xcode/Archives/2018-01-29/mlive 29-01-18 00.55.xcarchive/BCSymbolMaps/D59F0CC5-8338-3903-A966-A6D9C8E80D82.bcsymbolmap' '/var/folders/c1/32v89b3d2gb2fxd8m9q2b8680000gn/T/XcodeDistPipeline.LSp/Root/BCSymbolMaps/D59F0CC5-8338-3903-A966-A6D9C8E80D82.bcsymbolmap'
2018-01-29 07:07:43 +0000  >>> Copying /Users/shwetech/Library/Developer/Xcode/Archives/2018-01-29/mlive 29-01-18 00.55.xcarchive/BCSymbolMaps/D59F0CC5-8338-3903-A966-A6D9C8E80D82.bcsymbolmap 
2018-01-29 07:07:43 +0000  copying file ./D59F0CC5-8338-3903-A966-A6D9C8E80D82.bcsymbolmap ... 
2018-01-29 07:07:43 +0000  1097708 bytes for ./D59F0CC5-8338-3903-A966-A6D9C8E80D82.bcsymbolmap
2018-01-29 07:07:43 +0000  2018-01-29 07:07:43 +0000  /usr/bin/ditto exited with 0

2018-01-29 07:07:43 +0000  
2018-01-29 07:07:43 +0000  Processing step: IDEDistributionSymbolsStep
2018-01-29 07:07:43 +0000  Processing symbols for WowzaGoCoderSDK.framework
2018-01-29 07:07:43 +0000  Running /usr/bin/rsync '-8aPhhE' '/var/folders/c1/32v89b3d2gb2fxd8m9q2b8680000gn/T/XcodeDistPipeline.LSp/Root/Payload/mlive.app/Frameworks/WowzaGoCoderSDK.framework' '--link-dest' '/var/folders/c1/32v89b3d2gb2fxd8m9q2b8680000gn/T/XcodeDistPipeline.LSp/Root/Payload/mlive.app/Frameworks' '/var/folders/c1/32v89b3d2gb2fxd8m9q2b8680000gn/T/XcodeDistPipeline.LSp'
2018-01-29 07:07:43 +0000  building file list ... 
2018-01-29 07:07:43 +0000   0 files...2018-01-29 07:07:43 +0000  6 files to consider
2018-01-29 07:07:43 +0000  WowzaGoCoderSDK.framework/
2018-01-29 07:07:43 +0000  WowzaGoCoderSDK.framework/_CodeSignature/
2018-01-29 07:07:43 +0000  
sent 259 bytes  received 32 bytes  582.00 bytes/sec
2018-01-29 07:07:43 +0000  
2018-01-29 07:07:43 +0000  total size is 5.13M  speedup is 18492.22
2018-01-29 07:07:43 +0000  
2018-01-29 07:07:43 +0000  
2018-01-29 07:07:43 +0000  
2018-01-29 07:07:43 +0000  
2018-01-29 07:07:43 +0000  
2018-01-29 07:07:43 +0000  2018-01-29 07:07:43 +0000  

2018-01-29 07:07:43 +0000  /usr/bin/rsync exited with 0
2018-01-29 07:07:43 +0000  2018-01-29 07:07:43 +0000  Running /usr/bin/rsync '-8aPhhE' '/Users/shwetech/Library/Developer/Xcode/Archives/2018-01-29/mlive 29-01-18 00.55.xcarchive/dSYMs/' '--link-dest' '/Users/shwetech/Library/Developer/Xcode/Archives/2018-01-29/mlive 29-01-18 00.55.xcarchive/dSYMs/' '/var/folders/c1/32v89b3d2gb2fxd8m9q2b8680000gn/T/XcodeDistPipeline.LSp'

2018-01-29 07:07:43 +0000  building file list ... 
2018-01-29 07:07:43 +0000   0 files...2018-01-29 07:07:43 +0000  7 files to consider
2018-01-29 07:07:43 +0000  ./
2018-01-29 07:07:43 +0000  mlive.app.dSYM/
mlive.app.dSYM/Contents/
2018-01-29 07:07:43 +0000  mlive.app.dSYM/Contents/Resources/
mlive.app.dSYM/Contents/Resources/DWARF/
2018-01-29 07:07:43 +0000  
sent 233 bytes  received 50 bytes  566.00 bytes/sec
total size is 9.58M  speedup is 35487.49
2018-01-29 07:07:43 +0000  
2018-01-29 07:07:43 +0000  
2018-01-29 07:07:43 +0000  
2018-01-29 07:07:43 +0000  2018-01-29 07:07:43 +0000  

2018-01-29 07:07:43 +0000  
2018-01-29 07:07:43 +0000  
2018-01-29 07:07:43 +0000  2018-01-29 07:07:43 +0000  

2018-01-29 07:07:43 +0000  /usr/bin/rsync exited with 0
2018-01-29 07:07:43 +0000  2018-01-29 07:07:43 +0000  

2018-01-29 07:07:43 +0000  Running /Applications/Xcode.app/Contents/Developer/usr/bin/symbols '-noTextInSOD' '-noDaemon' '-arch' 'all' '-symbolsPackageDir' '/var/folders/c1/32v89b3d2gb2fxd8m9q2b8680000gn/T/XcodeDistPipeline.LSp/Symbols' '/var/folders/c1/32v89b3d2gb2fxd8m9q2b8680000gn/T/XcodeDistPipeline.LSp/WowzaGoCoderSDK.framework/WowzaGoCoderSDK'
2018-01-29 07:07:43 +0000  /var/folders/c1/32v89b3d2gb2fxd8m9q2b8680000gn/T/XcodeDistPipeline.LSp/WowzaGoCoderSDK.framework/WowzaGoCoderSDK [i386, 0.043969 seconds]:
/var/folders/c1/32v89b3d2gb2fxd8m9q2b8680000gn/T/XcodeDistPipeline.LSp/WowzaGoCoderSDK.framework/WowzaGoCoderSDK [x86_64, 0.043969 seconds]:
/var/folders/c1/32v89b3d2gb2fxd8m9q2b8680000gn/T/XcodeDistPipeline.LSp/WowzaGoCoderSDK.framework/WowzaGoCoderSDK [armv7, 0.043969 seconds]:
/var/folders/c1/32v89b3d2gb2fxd8m9q2b8680000gn/T/XcodeDistPipeline.LSp/WowzaGoCoderSDK.framework/WowzaGoCoderSDK [arm64, 0.043969 seconds]:
2018-01-29 07:07:43 +0000  
2018-01-29 07:07:43 +0000  2018-01-29 07:07:43 +0000  

2018-01-29 07:07:43 +0000  
2018-01-29 07:07:43 +0000  
2018-01-29 07:07:43 +0000  2018-01-29 07:07:43 +0000  

2018-01-29 07:07:43 +0000  
2018-01-29 07:07:43 +0000  
2018-01-29 07:07:43 +0000  
2018-01-29 07:07:43 +0000  
2018-01-29 07:07:43 +0000  /Applications/Xcode.app/Contents/Developer/usr/bin/symbols exited with 02018-01-29 07:07:43 +0000  

2018-01-29 07:07:43 +0000  
2018-01-29 07:07:43 +0000  Excluding symbols for mlive.app
2018-01-29 07:07:43 +0000  Processing step: IDEDistributionCopyAppleProvidedContentStep
2018-01-29 07:07:43 +0000  Processing step: IDEDistributionAppThinningStep
2018-01-29 07:07:43 +0000  Skipping step: IDEDistributionAppThinningStep because it said so
2018-01-29 07:07:43 +0000  Processing step: IDEDistributionODRStep
2018-01-29 07:07:43 +0000  Processing step: IDEDistributionStripXattrsStep
2018-01-29 07:07:43 +0000  Skipping stripping extended attributes of item: <IDEDistributionItem: 0x7ff21a9dbf70 'com.wowza.gocoder.sdk' '<DVTFilePath:0x7ff238567820:'/Users/shwetech/Library/Developer/Xcode/Archives/2018-01-29/mlive 29-01-18 00.55.xcarchive/Products/Applications/mlive.app/Frameworks/WowzaGoCoderSDK.framework'>'>
2018-01-29 07:07:43 +0000  Running /usr/bin/xattr '-crs' '/var/folders/c1/32v89b3d2gb2fxd8m9q2b8680000gn/T/XcodeDistPipeline.LSp/Root/Payload/mlive.app'
2018-01-29 07:07:44 +0000  
2018-01-29 07:07:44 +0000  2018-01-29 07:07:44 +0000  /usr/bin/xattr exited with 0

2018-01-29 07:07:44 +0000  
2018-01-29 07:07:44 +0000  Processing step: IDEDistributionCodesignStep
2018-01-29 07:07:44 +0000  Applying entitlements delta for <IDEDistributionItem: 0x7ff21a9dbf70 'com.wowza.gocoder.sdk' '<DVTFilePath:0x7ff238567820:'/Users/shwetech/Library/Developer/Xcode/Archives/2018-01-29/mlive 29-01-18 00.55.xcarchive/Products/Applications/mlive.app/Frameworks/WowzaGoCoderSDK.framework'>'> from <IDEiCloudEntitlementsProcessor: 0x7ff21c1406b0>: {
}
2018-01-29 07:07:44 +0000  Entitlements for <IDEDistributionItem: 0x7ff21a9dbf70 'com.wowza.gocoder.sdk' '<DVTFilePath:0x7ff238567820:'/Users/shwetech/Library/Developer/Xcode/Archives/2018-01-29/mlive 29-01-18 00.55.xcarchive/Products/Applications/mlive.app/Frameworks/WowzaGoCoderSDK.framework'>'>: {
}
2018-01-29 07:07:44 +0000  Writing entitlements for <IDEDistributionItem: 0x7ff21a9dbf70 'com.wowza.gocoder.sdk' '<DVTFilePath:0x7ff238567820:'/Users/shwetech/Library/Developer/Xcode/Archives/2018-01-29/mlive 29-01-18 00.55.xcarchive/Products/Applications/mlive.app/Frameworks/WowzaGoCoderSDK.framework'>'> to: /var/folders/c1/32v89b3d2gb2fxd8m9q2b8680000gn/T/XcodeDistPipeline.LSp/entitlementsxapXov
2018-01-29 07:07:44 +0000  Running /usr/bin/codesign '-vvv' '--force' '--sign' 'ADD2CCB4A21011FFC43C3FB846DC99DA5E94A333' '--preserve-metadata=identifier,flags' '--entitlements' '/var/folders/c1/32v89b3d2gb2fxd8m9q2b8680000gn/T/XcodeDistPipeline.LSp/entitlementsxapXov' '/var/folders/c1/32v89b3d2gb2fxd8m9q2b8680000gn/T/XcodeDistPipeline.LSp/Root/Payload/mlive.app/Frameworks/WowzaGoCoderSDK.framework'
2018-01-29 07:07:44 +0000  /var/folders/c1/32v89b3d2gb2fxd8m9q2b8680000gn/T/XcodeDistPipeline.LSp/Root/Payload/mlive.app/Frameworks/WowzaGoCoderSDK.framework: replacing existing signature
2018-01-29 07:07:44 +0000  /var/folders/c1/32v89b3d2gb2fxd8m9q2b8680000gn/T/XcodeDistPipeline.LSp/Root/Payload/mlive.app/Frameworks/WowzaGoCoderSDK.framework: signed bundle with Mach-O universal (i386 armv7 x86_64 arm64) [com.wowza.gocoder.sdk]
2018-01-29 07:07:44 +0000  2018-01-29 07:07:44 +0000  

2018-01-29 07:07:44 +0000  
2018-01-29 07:07:44 +0000  
2018-01-29 07:07:44 +0000  
2018-01-29 07:07:44 +0000  
2018-01-29 07:07:44 +0000  
2018-01-29 07:07:44 +0000  2018-01-29 07:07:44 +0000  

2018-01-29 07:07:44 +0000  
2018-01-29 07:07:44 +0000  
2018-01-29 07:07:44 +0000  2018-01-29 07:07:44 +0000  
2018-01-29 07:07:44 +0000  /usr/bin/codesign exited with 0
2018-01-29 07:07:44 +0000  

2018-01-29 07:07:44 +0000  Applying entitlements delta for <IDEDistributionItem: 0x7ff271462600 'com.shwetech.mlive' '<DVTFilePath:0x7ff2690da030:'/Users/shwetech/Library/Developer/Xcode/Archives/2018-01-29/mlive 29-01-18 00.55.xcarchive/Products/Applications/mlive.app'>'> from <IDEiCloudEntitlementsProcessor: 0x7ff21c10b430>: {
}
2018-01-29 07:07:44 +0000  Entitlements for <IDEDistributionItem: 0x7ff271462600 'com.shwetech.mlive' '<DVTFilePath:0x7ff2690da030:'/Users/shwetech/Library/Developer/Xcode/Archives/2018-01-29/mlive 29-01-18 00.55.xcarchive/Products/Applications/mlive.app'>'>: {
    "application-identifier" = "6DPHN5WMG6.com.shwetech.mlive";
    "beta-reports-active" = 1;
    "com.apple.developer.team-identifier" = 6DPHN5WMG6;
    "get-task-allow" = 0;
    "keychain-access-groups" =     (
        "6DPHN5WMG6.com.shwetech.mlive"
    );
}
2018-01-29 07:07:44 +0000  Writing entitlements for <IDEDistributionItem: 0x7ff271462600 'com.shwetech.mlive' '<DVTFilePath:0x7ff2690da030:'/Users/shwetech/Library/Developer/Xcode/Archives/2018-01-29/mlive 29-01-18 00.55.xcarchive/Products/Applications/mlive.app'>'> to: /var/folders/c1/32v89b3d2gb2fxd8m9q2b8680000gn/T/XcodeDistPipeline.LSp/entitlements3CCHD4
2018-01-29 07:07:44 +0000  Running /usr/bin/codesign '-vvv' '--force' '--sign' 'ADD2CCB4A21011FFC43C3FB846DC99DA5E94A333' '--preserve-metadata=identifier,flags' '--entitlements' '/var/folders/c1/32v89b3d2gb2fxd8m9q2b8680000gn/T/XcodeDistPipeline.LSp/entitlements3CCHD4' '/var/folders/c1/32v89b3d2gb2fxd8m9q2b8680000gn/T/XcodeDistPipeline.LSp/Root/Payload/mlive.app'
2018-01-29 07:07:45 +0000  /var/folders/c1/32v89b3d2gb2fxd8m9q2b8680000gn/T/XcodeDistPipeline.LSp/Root/Payload/mlive.app: signed app bundle with Mach-O universal (armv7 arm64) [com.shwetech.mlive]
2018-01-29 07:07:45 +0000  2018-01-29 07:07:45 +0000  

2018-01-29 07:07:45 +0000  
2018-01-29 07:07:45 +0000  
2018-01-29 07:07:45 +0000  2018-01-29 07:07:45 +0000  /usr/bin/codesign exited with 0

2018-01-29 07:07:45 +0000  
2018-01-29 07:07:45 +0000  Processing step: IDEDistributionStreamingZipItemStep
2018-01-29 07:07:45 +0000  Skipping step: IDEDistributionStreamingZipItemStep because it said so
2018-01-29 07:07:45 +0000  Skipping step: IDEDistributionStreamingZipItemStep because it said so
2018-01-29 07:07:45 +0000  Processing step: IDEDistributionCreateIPAStep
2018-01-29 07:07:45 +0000  Running /usr/bin/rsync '-8aPhhE' '/var/folders/c1/32v89b3d2gb2fxd8m9q2b8680000gn/T/XcodeDistPipeline.LSp/Symbols' '--link-dest' '/var/folders/c1/32v89b3d2gb2fxd8m9q2b8680000gn/T/XcodeDistPipeline.LSp' '/var/folders/c1/32v89b3d2gb2fxd8m9q2b8680000gn/T/XcodeDistPipeline.LSp/Root'
2018-01-29 07:07:45 +0000  building file list ... 
2018-01-29 07:07:45 +0000   0 files...2018-01-29 07:07:45 +0000  5 files to consider
2018-01-29 07:07:45 +0000  Symbols/
2018-01-29 07:07:45 +0000  
sent 301 bytes  received 26 bytes  654.00 bytes/sec
total size is 369.34K  speedup is 1156.57
2018-01-29 07:07:45 +0000  
2018-01-29 07:07:45 +0000  
2018-01-29 07:07:45 +0000  2018-01-29 07:07:45 +0000  

2018-01-29 07:07:45 +0000  
2018-01-29 07:07:45 +0000  
2018-01-29 07:07:45 +0000  
2018-01-29 07:07:45 +0000  
2018-01-29 07:07:45 +0000  
2018-01-29 07:07:45 +0000  /usr/bin/rsync exited with 0
2018-01-29 07:07:45 +0000  
2018-01-29 07:07:45 +0000  
2018-01-29 07:07:45 +0000  Running /usr/bin/ditto '-V' '-c' '-k' '--norsrc' '/var/folders/c1/32v89b3d2gb2fxd8m9q2b8680000gn/T/XcodeDistPipeline.LSp/Root' '/var/folders/c1/32v89b3d2gb2fxd8m9q2b8680000gn/T/XcodeDistPipeline.LSp/Packages/mlive.ipa'
2018-01-29 07:07:45 +0000  >>> Copying /var/folders/c1/32v89b3d2gb2fxd8m9q2b8680000gn/T/XcodeDistPipeline.LSp/Root 
2018-01-29 07:07:45 +0000  copying file ./BCSymbolMaps/54F88735-3A7D-32EC-825E-E722ED86FBA9.bcsymbolmap ... 
2018-01-29 07:07:45 +0000  1087030 bytes for ./BCSymbolMaps/54F88735-3A7D-32EC-825E-E722ED86FBA9.bcsymbolmap
2018-01-29 07:07:45 +0000  copying file ./BCSymbolMaps/D59F0CC5-8338-3903-A966-A6D9C8E80D82.bcsymbolmap ... 
2018-01-29 07:07:45 +0000  1097708 bytes for ./BCSymbolMaps/D59F0CC5-8338-3903-A966-A6D9C8E80D82.bcsymbolmap
2018-01-29 07:07:45 +0000  copying file ./Payload/mlive.app/_CodeSignature/CodeResources ... 
29259 bytes for ./Payload/mlive.app/_CodeSignature/CodeResources
copying file ./Payload/mlive.app/gift_sound.wav ... 
2018-01-29 07:07:45 +0000  673652 bytes for ./Payload/mlive.app/gift_sound.wav
copying file ./Payload/mlive.app/LaunchImage-1100-Portrait-2436h@3x.png ... 
2018-01-29 07:07:45 +0000  143099 bytes for ./Payload/mlive.app/LaunchImage-1100-Portrait-2436h@3x.png
copying file ./Payload/mlive.app/AppIcon20x20@2x.png ... 
2018-01-29 07:07:45 +0000  3406 bytes for ./Payload/mlive.app/AppIcon20x20@2x.png
copying file ./Payload/mlive.app/Zawgyi-One.ttf ... 
2018-01-29 07:07:45 +0000  66256 bytes for ./Payload/mlive.app/Zawgyi-One.ttf
copying file ./Payload/mlive.app/AppIcon57x57.png ... 
2018-01-29 07:07:45 +0000  5589 bytes for ./Payload/mlive.app/AppIcon57x57.png
copying file ./Payload/mlive.app/AppIcon20x20@3x.png ... 
6061 bytes for ./Payload/mlive.app/AppIcon20x20@3x.png
copying file ./Payload/mlive.app/AppIcon29x29.png ... 
2234 bytes for ./Payload/mlive.app/AppIcon29x29.png
copying file ./Payload/mlive.app/AppIcon60x60@2x.png ... 
2018-01-29 07:07:45 +0000  18017 bytes for ./Payload/mlive.app/AppIcon60x60@2x.png
copying file ./Payload/mlive.app/AppIcon29x29@2x.png ... 
2018-01-29 07:07:45 +0000  5754 bytes for ./Payload/mlive.app/AppIcon29x29@2x.png
2018-01-29 07:07:45 +0000  copying file ./Payload/mlive.app/LaunchImage-1100-Landscape-2436h@3x.png ... 
2018-01-29 07:07:45 +0000  147787 bytes for ./Payload/mlive.app/LaunchImage-1100-Landscape-2436h@3x.png
copying file ./Payload/mlive.app/LaunchImage-800-667h@2x.png ... 
2018-01-29 07:07:45 +0000  60376 bytes for ./Payload/mlive.app/LaunchImage-800-667h@2x.png
copying file ./Payload/mlive.app/AppIcon40x40@3x.png ... 
2018-01-29 07:07:45 +0000  18017 bytes for ./Payload/mlive.app/AppIcon40x40@3x.png
copying file ./Payload/mlive.app/AppIcon57x57@2x.png ... 
2018-01-29 07:07:45 +0000  16417 bytes for ./Payload/mlive.app/AppIcon57x57@2x.png
2018-01-29 07:07:45 +0000  copying file ./Payload/mlive.app/AppIcon40x40@2x.png ... 
2018-01-29 07:07:45 +0000  9385 bytes for ./Payload/mlive.app/AppIcon40x40@2x.png
2018-01-29 07:07:45 +0000  copying file ./Payload/mlive.app/AppIcon29x29@3x.png ... 
2018-01-29 07:07:45 +0000  10860 bytes for ./Payload/mlive.app/AppIcon29x29@3x.png
2018-01-29 07:07:45 +0000  copying file ./Payload/mlive.app/AppIcon60x60@3x.png ... 
2018-01-29 07:07:45 +0000  36654 bytes for ./Payload/mlive.app/AppIcon60x60@3x.png
2018-01-29 07:07:45 +0000  copying file ./Payload/mlive.app/Base.lproj/LaunchScreen.nib ... 
3291 bytes for ./Payload/mlive.app/Base.lproj/LaunchScreen.nib
copying file ./Payload/mlive.app/archived-expanded-entitlements.xcent ... 
374 bytes for ./Payload/mlive.app/archived-expanded-entitlements.xcent
copying file ./Payload/mlive.app/Splash.png ... 
2018-01-29 07:07:45 +0000  131318 bytes for ./Payload/mlive.app/Splash.png
copying file ./Payload/mlive.app/Assets.car ... 
2018-01-29 07:07:45 +0000  1011560 bytes for ./Payload/mlive.app/Assets.car
copying file ./Payload/mlive.app/main.jsbundle.meta ... 
2018-01-29 07:07:45 +0000  21 bytes for ./Payload/mlive.app/main.jsbundle.meta
copying file ./Payload/mlive.app/LaunchImage-800-Portrait-736h@3x.png ... 
2018-01-29 07:07:45 +0000  99820 bytes for ./Payload/mlive.app/LaunchImage-800-Portrait-736h@3x.png
copying file ./Payload/mlive.app/main.jsbundle ... 
2018-01-29 07:07:45 +0000  1123046 bytes for ./Payload/mlive.app/main.jsbundle
copying file ./Payload/mlive.app/LaunchImage-700@2x.png ... 
2018-01-29 07:07:45 +0000  41136 bytes for ./Payload/mlive.app/LaunchImage-700@2x.png
copying file ./Payload/mlive.app/LaunchImage-700-568h@2x.png ... 
2018-01-29 07:07:45 +0000  49640 bytes for ./Payload/mlive.app/LaunchImage-700-568h@2x.png
copying file ./Payload/mlive.app/mlive ... 
2018-01-29 07:07:46 +0000  31288528 bytes for ./Payload/mlive.app/mlive
2018-01-29 07:07:46 +0000  copying file ./Payload/mlive.app/Frameworks/WowzaGoCoderSDK.framework/_CodeSignature/CodeResources ... 
2506 bytes for ./Payload/mlive.app/Frameworks/WowzaGoCoderSDK.framework/_CodeSignature/CodeResources
copying file ./Payload/mlive.app/Frameworks/WowzaGoCoderSDK.framework/WowzaGoCoderSDK ... 
2018-01-29 07:07:47 +0000  5441616 bytes for ./Payload/mlive.app/Frameworks/WowzaGoCoderSDK.framework/WowzaGoCoderSDK
2018-01-29 07:07:47 +0000  copying file ./Payload/mlive.app/Frameworks/WowzaGoCoderSDK.framework/strip-frameworks.sh ... 
2203 bytes for ./Payload/mlive.app/Frameworks/WowzaGoCoderSDK.framework/strip-frameworks.sh
copying file ./Payload/mlive.app/Frameworks/WowzaGoCoderSDK.framework/Info.plist ... 
774 bytes for ./Payload/mlive.app/Frameworks/WowzaGoCoderSDK.framework/Info.plist
copying file ./Payload/mlive.app/embedded.mobileprovision ... 
7413 bytes for ./Payload/mlive.app/embedded.mobileprovision
copying file ./Payload/mlive.app/assets/node_modules/react-navigation/src/views/assets/back-icon@3x.png ... 
732 bytes for ./Payload/mlive.app/assets/node_modules/react-navigation/src/views/assets/back-icon@3x.png
copying file ./Payload/mlive.app/assets/node_modules/react-navigation/src/views/assets/back-icon@2x.png ... 
2018-01-29 07:07:47 +0000  534 bytes for ./Payload/mlive.app/assets/node_modules/react-navigation/src/views/assets/back-icon@2x.png
copying file ./Payload/mlive.app/assets/node_modules/react-navigation/src/views/assets/back-icon.png ... 
2018-01-29 07:07:47 +0000  379 bytes for ./Payload/mlive.app/assets/node_modules/react-navigation/src/views/assets/back-icon.png
2018-01-29 07:07:47 +0000  copying file ./Payload/mlive.app/assets/src/assets/world.png ... 
2018-01-29 07:07:47 +0000  10922 bytes for ./Payload/mlive.app/assets/src/assets/world.png
copying file ./Payload/mlive.app/assets/src/assets/x2.png ... 
2018-01-29 07:07:47 +0000  3974 bytes for ./Payload/mlive.app/assets/src/assets/x2.png
copying file ./Payload/mlive.app/assets/src/assets/heart_5.png ... 
2018-01-29 07:07:47 +0000  1149 bytes for ./Payload/mlive.app/assets/src/assets/heart_5.png
copying file ./Payload/mlive.app/assets/src/assets/nut.png ... 
2018-01-29 07:07:47 +0000  16597 bytes for ./Payload/mlive.app/assets/src/assets/nut.png
2018-01-29 07:07:47 +0000  copying file ./Payload/mlive.app/assets/src/assets/heart_4.png ... 
1220 bytes for ./Payload/mlive.app/assets/src/assets/heart_4.png
copying file ./Payload/mlive.app/assets/src/assets/x3.png ... 
2018-01-29 07:07:47 +0000  4270 bytes for ./Payload/mlive.app/assets/src/assets/x3.png
copying file ./Payload/mlive.app/assets/src/assets/beauty.png ... 
2018-01-29 07:07:47 +0000  388447 bytes for ./Payload/mlive.app/assets/src/assets/beauty.png
copying file ./Payload/mlive.app/assets/src/assets/x1.png ... 
2018-01-29 07:07:47 +0000  3103 bytes for ./Payload/mlive.app/assets/src/assets/x1.png
copying file ./Payload/mlive.app/assets/src/assets/t1_slide.png ... 
2018-01-29 07:07:47 +0000  78715 bytes for ./Payload/mlive.app/assets/src/assets/t1_slide.png
copying file ./Payload/mlive.app/assets/src/assets/heart_6.png ... 
2018-01-29 07:07:47 +0000  1145 bytes for ./Payload/mlive.app/assets/src/assets/heart_6.png
copying file ./Payload/mlive.app/assets/src/assets/heart_7.png ... 
1164 bytes for ./Payload/mlive.app/assets/src/assets/heart_7.png
copying file ./Payload/mlive.app/assets/src/assets/x4.png ... 
3616 bytes for ./Payload/mlive.app/assets/src/assets/x4.png
copying file ./Payload/mlive.app/assets/src/assets/heart_3.png ... 
1267 bytes for ./Payload/mlive.app/assets/src/assets/heart_3.png
copying file ./Payload/mlive.app/assets/src/assets/heart_2.png ... 
1232 bytes for ./Payload/mlive.app/assets/src/assets/heart_2.png
copying file ./Payload/mlive.app/assets/src/assets/gift_user_bar.png ... 
5716 bytes for ./Payload/mlive.app/assets/src/assets/gift_user_bar.png
copying file ./Payload/mlive.app/assets/src/assets/x5.png ... 
4105 bytes for ./Payload/mlive.app/assets/src/assets/x5.png
copying file ./Payload/mlive.app/assets/src/assets/gift_image_sprinkler.png ... 
2018-01-29 07:07:47 +0000  55718 bytes for ./Payload/mlive.app/assets/src/assets/gift_image_sprinkler.png
copying file ./Payload/mlive.app/assets/src/assets/x7.png ... 
2018-01-29 07:07:47 +0000  3454 bytes for ./Payload/mlive.app/assets/src/assets/x7.png
copying file ./Payload/mlive.app/assets/src/assets/heart_1.png ... 
1265 bytes for ./Payload/mlive.app/assets/src/assets/heart_1.png
copying file ./Payload/mlive.app/assets/src/assets/t1_text.png ... 
13414 bytes for ./Payload/mlive.app/assets/src/assets/t1_text.png
copying file ./Payload/mlive.app/assets/src/assets/x6.png ... 
4447 bytes for ./Payload/mlive.app/assets/src/assets/x6.png
2018-01-29 07:07:47 +0000  copying file ./Payload/mlive.app/assets/src/assets/facebook_login.png ... 
3410 bytes for ./Payload/mlive.app/assets/src/assets/facebook_login.png
copying file ./Payload/mlive.app/assets/src/assets/share_icon.png ... 
2018-01-29 07:07:47 +0000  1049 bytes for ./Payload/mlive.app/assets/src/assets/share_icon.png
copying file ./Payload/mlive.app/assets/src/assets/cancel.png ... 
2018-01-29 07:07:47 +0000  611 bytes for ./Payload/mlive.app/assets/src/assets/cancel.png
copying file ./Payload/mlive.app/assets/src/assets/home.png ... 
2018-01-29 07:07:47 +0000  3188 bytes for ./Payload/mlive.app/assets/src/assets/home.png
copying file ./Payload/mlive.app/assets/src/assets/broadcast_button.png ... 
2018-01-29 07:07:47 +0000  2773 bytes for ./Payload/mlive.app/assets/src/assets/broadcast_button.png
copying file ./Payload/mlive.app/assets/src/assets/send_icon.png ... 
2018-01-29 07:07:47 +0000  1002 bytes for ./Payload/mlive.app/assets/src/assets/send_icon.png
2018-01-29 07:07:47 +0000  copying file ./Payload/mlive.app/assets/src/assets/refresh_jump_white.gif ... 
2018-01-29 07:07:47 +0000  39583 bytes for ./Payload/mlive.app/assets/src/assets/refresh_jump_white.gif
copying file ./Payload/mlive.app/assets/src/assets/camera_flip.png ... 
2018-01-29 07:07:47 +0000  2473 bytes for ./Payload/mlive.app/assets/src/assets/camera_flip.png
copying file ./Payload/mlive.app/assets/src/assets/send_gift_icon.gif ... 
32959 bytes for ./Payload/mlive.app/assets/src/assets/send_gift_icon.gif
copying file ./Payload/mlive.app/assets/src/assets/t3_image.png ... 
2018-01-29 07:07:47 +0000  69757 bytes for ./Payload/mlive.app/assets/src/assets/t3_image.png
copying file ./Payload/mlive.app/assets/src/assets/t2_text.png ... 
2018-01-29 07:07:47 +0000  20082 bytes for ./Payload/mlive.app/assets/src/assets/t2_text.png
copying file ./Payload/mlive.app/assets/src/assets/t3_text.png ... 
2018-01-29 07:07:47 +0000  16929 bytes for ./Payload/mlive.app/assets/src/assets/t3_text.png
copying file ./Payload/mlive.app/assets/src/assets/menu.png ... 
2018-01-29 07:07:47 +0000  184 bytes for ./Payload/mlive.app/assets/src/assets/menu.png
copying file ./Payload/mlive.app/assets/src/assets/view_count_holder.png ... 
2018-01-29 07:07:47 +0000  6553 bytes for ./Payload/mlive.app/assets/src/assets/view_count_holder.png
copying file ./Payload/mlive.app/assets/src/assets/home_bg.png ... 
2018-01-29 07:07:47 +0000  293873 bytes for ./Payload/mlive.app/assets/src/assets/home_bg.png
copying file ./Payload/mlive.app/assets/src/assets/hlwint_logo_white.png ... 
2018-01-29 07:07:47 +0000  12491 bytes for ./Payload/mlive.app/assets/src/assets/hlwint_logo_white.png
copying file ./Payload/mlive.app/assets/src/assets/nut_plain.png ... 
4195 bytes for ./Payload/mlive.app/assets/src/assets/nut_plain.png
copying file ./Payload/mlive.app/assets/src/assets/location_icon.png ... 
9247 bytes for ./Payload/mlive.app/assets/src/assets/location_icon.png
copying file ./Payload/mlive.app/assets/src/assets/eye.png ... 
1417 bytes for ./Payload/mlive.app/assets/src/assets/eye.png
copying file ./Payload/mlive.app/assets/src/assets/refresh_jump.gif ... 
2018-01-29 07:07:47 +0000  29555 bytes for ./Payload/mlive.app/assets/src/assets/refresh_jump.gif
copying file ./Payload/mlive.app/assets/src/assets/t2_image.png ... 
2018-01-29 07:07:47 +0000  79787 bytes for ./Payload/mlive.app/assets/src/assets/t2_image.png
2018-01-29 07:07:47 +0000  copying file ./Payload/mlive.app/assets/src/assets/gift_image_glitter.png ... 
5528 bytes for ./Payload/mlive.app/assets/src/assets/gift_image_glitter.png
copying file ./Payload/mlive.app/assets/src/assets/x8.png ... 
4442 bytes for ./Payload/mlive.app/assets/src/assets/x8.png
copying file ./Payload/mlive.app/assets/src/assets/hwlint_logo.png ... 
2018-01-29 07:07:47 +0000  9637 bytes for ./Payload/mlive.app/assets/src/assets/hwlint_logo.png
copying file ./Payload/mlive.app/assets/src/assets/x9.png ... 
4447 bytes for ./Payload/mlive.app/assets/src/assets/x9.png
copying file ./Payload/mlive.app/assets/src/assets/t4_image.png ... 
2018-01-29 07:07:47 +0000  73475 bytes for ./Payload/mlive.app/assets/src/assets/t4_image.png
copying file ./Payload/mlive.app/assets/src/assets/back.png ... 
2018-01-29 07:07:47 +0000  412 bytes for ./Payload/mlive.app/assets/src/assets/back.png
copying file ./Payload/mlive.app/assets/src/assets/t4_text.png ... 
17337 bytes for ./Payload/mlive.app/assets/src/assets/t4_text.png
copying file ./Payload/mlive.app/assets/src/assets/live.png ... 
788 bytes for ./Payload/mlive.app/assets/src/assets/live.png
copying file ./Payload/mlive.app/LaunchImage-800-Landscape-736h@3x.png ... 
2018-01-29 07:07:47 +0000  102746 bytes for ./Payload/mlive.app/LaunchImage-800-Landscape-736h@3x.png
copying file ./Payload/mlive.app/pop.wav ... 
2018-01-29 07:07:47 +0000  30924 bytes for ./Payload/mlive.app/pop.wav
copying file ./Payload/mlive.app/Info.plist ... 
2018-01-29 07:07:47 +0000  2358 bytes for ./Payload/mlive.app/Info.plist
copying file ./Payload/mlive.app/PkgInfo ... 
8 bytes for ./Payload/mlive.app/PkgInfo
copying file ./Symbols/9ABEF6DA-6CEE-398A-889D-F0B7E535D319.symbols ... 
472 bytes for ./Symbols/9ABEF6DA-6CEE-398A-889D-F0B7E535D319.symbols
copying file ./Symbols/F1D1D8D9-84DE-3F3A-AA2D-22A7A2B7F014.symbols ... 
480 bytes for ./Symbols/F1D1D8D9-84DE-3F3A-AA2D-22A7A2B7F014.symbols
copying file ./Symbols/7A6913B1-4C43-39E7-B2BE-235A1F6DE919.symbols ... 
2018-01-29 07:07:47 +0000  191176 bytes for ./Symbols/7A6913B1-4C43-39E7-B2BE-235A1F6DE919.symbols
2018-01-29 07:07:47 +0000  copying file ./Symbols/0519D8B0-C826-3AAB-9999-2CA9E9A4FA08.symbols ... 
2018-01-29 07:07:47 +0000  186072 bytes for ./Symbols/0519D8B0-C826-3AAB-9999-2CA9E9A4FA08.symbols
2018-01-29 07:07:47 +0000  2018-01-29 07:07:47 +0000  

2018-01-29 07:07:47 +0000  /usr/bin/ditto exited with 0
2018-01-29 07:07:47 +0000  
2018-01-29 07:07:47 +0000  
2018-01-29 07:07:47 +0000  Processing step: IDEDistributionCreateManifestStep
2018-01-29 07:07:47 +0000  Skipping step: IDEDistributionCreateManifestStep because it said so
